2021/06/17 13:39:30 [INFO] Terraform version: 0.14.2  
2021/06/17 13:39:30 [INFO] Go runtime version: go1.15.2
2021/06/17 13:39:30 [INFO] CLI args: []string{"C:\\Program Files\\Terraform\\terraform.exe", "plan"}
2021/06/17 13:39:30 [DEBUG] Attempting to open CLI config file: C:\Users\Amit.nepal\AppData\Roaming\terraform.rc
2021/06/17 13:39:30 [DEBUG] File doesn't exist, but doesn't need to. Ignoring.
2021/06/17 13:39:30 [DEBUG] ignoring non-existing provider search directory terraform.d/plugins
2021/06/17 13:39:30 [DEBUG] ignoring non-existing provider search directory C:\Users\Amit.nepal\AppData\Roaming\terraform.d\plugins
2021/06/17 13:39:30 [DEBUG] ignoring non-existing provider search directory C:\Users\Amit.nepal\AppData\Roaming\HashiCorp\Terraform\plugins
2021/06/17 13:39:30 [INFO] CLI command args: []string{"plan"}
2021/06/17 13:39:30 [TRACE] Meta.Backend: no config given or present on disk, so returning nil config
2021/06/17 13:39:30 [TRACE] Meta.Backend: backend has not previously been initialized in this working directory
2021/06/17 13:39:30 [DEBUG] New state was assigned lineage "c40abc9b-e799-70a2-9d31-5bdd6b4e9d0d"
2021/06/17 13:39:30 [TRACE] Meta.Backend: using default local state only (no backend configuration, and no existing initialized backend)
2021/06/17 13:39:30 [TRACE] Meta.Backend: instantiated backend of type <nil>
2021/06/17 13:39:30 [TRACE] providercache.fillMetaCache: scanning directory .terraform\providers
2021/06/17 13:39:30 [TRACE] getproviders.SearchLocalDirectory: .terraform\providers is a symlink to .terraform\providers
2021/06/17 13:39:30 [TRACE] getproviders.SearchLocalDirectory: found registry.terraform.io/hashicorp/aws v3.21.0 for windows_amd64 at .terraform\providers\registry.terraform.io\hashicorp\aws\3.21.0\windows_amd64
2021/06/17 13:39:30 [TRACE] providercache.fillMetaCache: including .terraform\providers\registry.terraform.io\hashicorp\aws\3.21.0\windows_amd64 as a candidate package for registry.terraform.io/hashicorp/aws 3.21.0
2021/06/17 13:39:30 [DEBUG] checking for provisioner in "."
2021/06/17 13:39:30 [DEBUG] checking for provisioner in "C:\\Program Files\\Terraform"
2021/06/17 13:39:30 [INFO] Failed to read plugin lock file .terraform\plugins\windows_amd64\lock.json: open .terraform\plugins\windows_amd64\lock.json: The system cannot find the path specified.
2021/06/17 13:39:30 [TRACE] Meta.Backend: backend <nil> does not support operations, so wrapping it in a local backend
2021/06/17 13:39:30 [INFO] backend/local: starting Plan operation
2021/06/17 13:39:30 [TRACE] backend/local: requesting state manager for workspace "default"
2021/06/17 13:39:30 [TRACE] backend/local: state manager for workspace "default" will:
 - read initial snapshot from terraform.tfstate
 - write new snapshots to terraform.tfstate
 - create any backup at terraform.tfstate.backup
2021/06/17 13:39:30 [TRACE] backend/local: requesting state lock for workspace "default"
2021/06/17 13:39:30 [TRACE] statemgr.Filesystem: preparing to manage state snapshots at terraform.tfstate
2021/06/17 13:39:30 [TRACE] statemgr.Filesystem: existing snapshot has lineage "306cd449-eba7-e398-e646-3ec3bbbf3708" serial 85
2021/06/17 13:39:30 [TRACE] statemgr.Filesystem: locking terraform.tfstate using LockFileEx
2021/06/17 13:39:30 [TRACE] statemgr.Filesystem: writing lock metadata to .terraform.tfstate.lock.info
2021/06/17 13:39:30 [TRACE] backend/local: reading remote state for workspace "default"
2021/06/17 13:39:30 [TRACE] statemgr.Filesystem: reading latest snapshot from terraform.tfstate
2021/06/17 13:39:30 [TRACE] statemgr.Filesystem: read snapshot with lineage "306cd449-eba7-e398-e646-3ec3bbbf3708" serial 85
2021/06/17 13:39:30 [TRACE] backend/local: retrieving local state snapshot for workspace "default"
2021/06/17 13:39:30 [TRACE] backend/local: building context for current working directory
2021/06/17 13:39:30 [TRACE] terraform.NewContext: starting
2021/06/17 13:39:30 [TRACE] terraform.NewContext: loading provider schemas
2021/06/17 13:39:30 [TRACE] LoadSchemas: retrieving schema for provider type "registry.terraform.io/hashicorp/aws"
2021-06-17T13:39:30.887-0500 [INFO]  plugin: configuring client automatic mTLS
2021-06-17T13:39:30.914-0500 [DEBUG] plugin: starting plugin: path=.terraform/providers/registry.terraform.io/hashicorp/aws/3.21.0/windows_amd64/terraform-provider-aws_v3.21.0_x5.exe args=[.terraform/providers/registry.terraform.io/hashicorp/aws/3.21.0/windows_amd64/terraform-provider-aws_v3.21.0_x5.exe]
2021-06-17T13:39:31.064-0500 [DEBUG] plugin: plugin started: path=.terraform/providers/registry.terraform.io/hashicorp/aws/3.21.0/windows_amd64/terraform-provider-aws_v3.21.0_x5.exe pid=17212
2021-06-17T13:39:31.064-0500 [DEBUG] plugin: waiting for RPC address: path=.terraform/providers/registry.terraform.io/hashicorp/aws/3.21.0/windows_amd64/terraform-provider-aws_v3.21.0_x5.exe
2021-06-17T13:39:31.122-0500 [INFO]  plugin.terraform-provider-aws_v3.21.0_x5.exe: configuring server automatic mTLS: timestamp=2021-06-17T13:39:31.120-0500
2021-06-17T13:39:31.149-0500 [DEBUG] plugin.terraform-provider-aws_v3.21.0_x5.exe: plugin address: address=127.0.0.1:10000 network=tcp timestamp=2021-06-17T13:39:31.149-0500
2021-06-17T13:39:31.149-0500 [DEBUG] plugin: using plugin: version=5
2021/06/17 13:39:31 [TRACE] GRPCProvider: GetSchema
2021-06-17T13:39:31.201-0500 [TRACE] plugin.stdio: waiting for stdio data
2021/06/17 13:39:31 [TRACE] GRPCProvider: Close
2021-06-17T13:39:31.276-0500 [WARN]  plugin.stdio: received EOF, stopping recv loop: err="rpc error: code = Unavailable desc = transport is closing"
2021-06-17T13:39:31.299-0500 [DEBUG] plugin: plugin process exited: path=.terraform/providers/registry.terraform.io/hashicorp/aws/3.21.0/windows_amd64/terraform-provider-aws_v3.21.0_x5.exe pid=17212
2021-06-17T13:39:31.299-0500 [DEBUG] plugin: plugin exited
2021/06/17 13:39:31 [TRACE] terraform.NewContext: complete
2021/06/17 13:39:31 [TRACE] backend/local: finished building terraform.Context
2021/06/17 13:39:31 [TRACE] backend/local: requesting interactive input, if necessary
2021/06/17 13:39:31 [TRACE] Context.Input: Prompting for provider arguments
2021/06/17 13:39:31 [TRACE] Context.Input: Provider provider.aws declared at main.tf:1,1-15
2021/06/17 13:39:31 [TRACE] Context.Input: Input for provider.aws: map[string]cty.Value{}
2021/06/17 13:39:31 [TRACE] backend/local: running validation operation
2021/06/17 13:39:31 [INFO] terraform: building graph: GraphTypeValidate
2021/06/17 13:39:31 [TRACE] Executing graph transform *terraform.ConfigTransformer
2021/06/17 13:39:31 [TRACE] ConfigTransformer: Starting for path: 
2021/06/17 13:39:31 [TRACE] Completed graph transform *terraform.ConfigTransformer with new graph:
  aws_instance.test-terraform - *terraform.NodeValidatableResource
  ------
2021/06/17 13:39:31 [TRACE] Executing graph transform *terraform.RootVariableTransformer
2021/06/17 13:39:31 [TRACE] Completed graph transform *terraform.RootVariableTransformer with new graph:
  aws_instance.test-terraform - *terraform.NodeValidatableResource
  var.ami - *terraform.NodeRootVariable
  var.instance_count - *terraform.NodeRootVariable
  var.instance_type - *terraform.NodeRootVariable
  var.key_name - *terraform.NodeRootVariable
  var.region - *terraform.NodeRootVariable
  var.sg - *terraform.NodeRootVariable
  var.subnet - *terraform.NodeRootVariable
  ------
2021/06/17 13:39:31 [TRACE] Executing graph transform *terraform.ModuleVariableTransformer
2021/06/17 13:39:31 [TRACE] Completed graph transform *terraform.ModuleVariableTransformer (no changes)
2021/06/17 13:39:31 [TRACE] Executing graph transform *terraform.LocalTransformer
2021/06/17 13:39:31 [TRACE] Completed graph transform *terraform.LocalTransformer (no changes)
2021/06/17 13:39:31 [TRACE] Executing graph transform *terraform.OutputTransformer
2021/06/17 13:39:31 [TRACE] OutputTransformer: adding instance_ids as *terraform.NodeApplyableOutput
2021/06/17 13:39:31 [TRACE] Completed graph transform *terraform.OutputTransformer with new graph:
  aws_instance.test-terraform - *terraform.NodeValidatableResource
  output.instance_ids - *terraform.NodeApplyableOutput
  var.ami - *terraform.NodeRootVariable
  var.instance_count - *terraform.NodeRootVariable
  var.instance_type - *terraform.NodeRootVariable
  var.key_name - *terraform.NodeRootVariable
  var.region - *terraform.NodeRootVariable
  var.sg - *terraform.NodeRootVariable
  var.subnet - *terraform.NodeRootVariable
  ------
2021/06/17 13:39:31 [TRACE] Executing graph transform *terraform.OrphanResourceInstanceTransformer
2021/06/17 13:39:31 [TRACE] Completed graph transform *terraform.OrphanResourceInstanceTransformer (no changes)
2021/06/17 13:39:31 [TRACE] Executing graph transform *terraform.StateTransformer
2021/06/17 13:39:31 [TRACE] StateTransformer: state is empty, so nothing to do
2021/06/17 13:39:31 [TRACE] Completed graph transform *terraform.StateTransformer (no changes)
2021/06/17 13:39:31 [TRACE] Executing graph transform *terraform.AttachStateTransformer
2021/06/17 13:39:31 [TRACE] Completed graph transform *terraform.AttachStateTransformer (no changes)
2021/06/17 13:39:31 [TRACE] Executing graph transform *terraform.OrphanOutputTransformer
2021/06/17 13:39:31 [TRACE] Completed graph transform *terraform.OrphanOutputTransformer (no changes)
2021/06/17 13:39:31 [TRACE] Executing graph transform *terraform.AttachResourceConfigTransformer
2021/06/17 13:39:31 [TRACE] AttachResourceConfigTransformer: attaching to "aws_instance.test-terraform" (*terraform.NodeValidatableResource) config from main.tf:5,1-41
2021/06/17 13:39:31 [TRACE] AttachResourceConfigTransformer: attaching provider meta configs to aws_instance.test-terraform
2021/06/17 13:39:31 [TRACE] Completed graph transform *terraform.AttachResourceConfigTransformer (no changes)
2021/06/17 13:39:31 [TRACE] Executing graph transform *terraform.MissingProvisionerTransformer
2021/06/17 13:39:31 [TRACE] Completed graph transform *terraform.MissingProvisionerTransformer (no changes)
2021/06/17 13:39:31 [TRACE] Executing graph transform *terraform.ProvisionerTransformer
2021/06/17 13:39:31 [TRACE] Completed graph transform *terraform.ProvisionerTransformer (no changes)
2021/06/17 13:39:31 [TRACE] Executing graph transform *terraform.graphTransformerMulti
2021/06/17 13:39:31 [TRACE] (graphTransformerMulti) Executing graph transform *terraform.ProviderConfigTransformer
2021/06/17 13:39:31 [TRACE] ProviderConfigTransformer: attaching to "provider[\"registry.terraform.io/hashicorp/aws\"]" provider configuration from main.tf:1,1-15
2021/06/17 13:39:31 [TRACE] (graphTransformerMulti) Completed graph transform *terraform.ProviderConfigTransformer with new graph:
  aws_instance.test-terraform - *terraform.NodeValidatableResource
  output.instance_ids - *terraform.NodeApplyableOutput
  provider["registry.terraform.io/hashicorp/aws"] - *terraform.NodeApplyableProvider
  var.ami - *terraform.NodeRootVariable
  var.instance_count - *terraform.NodeRootVariable
  var.instance_type - *terraform.NodeRootVariable
  var.key_name - *terraform.NodeRootVariable
  var.region - *terraform.NodeRootVariable
  var.sg - *terraform.NodeRootVariable
  var.subnet - *terraform.NodeRootVariable
  ------
2021/06/17 13:39:31 [TRACE] (graphTransformerMulti) Executing graph transform *terraform.MissingProviderTransformer
2021/06/17 13:39:31 [TRACE] (graphTransformerMulti) Completed graph transform *terraform.MissingProviderTransformer (no changes)
2021/06/17 13:39:31 [TRACE] (graphTransformerMulti) Executing graph transform *terraform.ProviderTransformer
2021/06/17 13:39:31 [TRACE] ProviderTransformer: exact match for provider["registry.terraform.io/hashicorp/aws"] serving aws_instance.test-terraform
2021/06/17 13:39:31 [DEBUG] ProviderTransformer: "aws_instance.test-terraform" (*terraform.NodeValidatableResource) needs provider["registry.terraform.io/hashicorp/aws"]
2021/06/17 13:39:31 [TRACE] (graphTransformerMulti) Completed graph transform *terraform.ProviderTransformer with new graph:
  aws_instance.test-terraform - *terraform.NodeValidatableResource
    provider["registry.terraform.io/hashicorp/aws"] - *terraform.NodeApplyableProvider
  output.instance_ids - *terraform.NodeApplyableOutput
  provider["registry.terraform.io/hashicorp/aws"] - *terraform.NodeApplyableProvider
  var.ami - *terraform.NodeRootVariable
  var.instance_count - *terraform.NodeRootVariable
  var.instance_type - *terraform.NodeRootVariable
  var.key_name - *terraform.NodeRootVariable
  var.region - *terraform.NodeRootVariable
  var.sg - *terraform.NodeRootVariable
  var.subnet - *terraform.NodeRootVariable
  ------
2021/06/17 13:39:31 [TRACE] (graphTransformerMulti) Executing graph transform *terraform.PruneProviderTransformer
2021/06/17 13:39:31 [TRACE] (graphTransformerMulti) Completed graph transform *terraform.PruneProviderTransformer (no changes)
2021/06/17 13:39:31 [TRACE] (graphTransformerMulti) Executing graph transform *terraform.ParentProviderTransformer
2021/06/17 13:39:31 [TRACE] (graphTransformerMulti) Completed graph transform *terraform.ParentProviderTransformer (no changes)
2021/06/17 13:39:31 [TRACE] Completed graph transform *terraform.graphTransformerMulti with new graph:
  aws_instance.test-terraform - *terraform.NodeValidatableResource
    provider["registry.terraform.io/hashicorp/aws"] - *terraform.NodeApplyableProvider
  output.instance_ids - *terraform.NodeApplyableOutput
  provider["registry.terraform.io/hashicorp/aws"] - *terraform.NodeApplyableProvider
  var.ami - *terraform.NodeRootVariable
  var.instance_count - *terraform.NodeRootVariable
  var.instance_type - *terraform.NodeRootVariable
  var.key_name - *terraform.NodeRootVariable
  var.region - *terraform.NodeRootVariable
  var.sg - *terraform.NodeRootVariable
  var.subnet - *terraform.NodeRootVariable
  ------
2021/06/17 13:39:31 [TRACE] Executing graph transform *terraform.RemovedModuleTransformer
2021/06/17 13:39:31 [TRACE] Completed graph transform *terraform.RemovedModuleTransformer (no changes)
2021/06/17 13:39:31 [TRACE] Executing graph transform *terraform.AttachSchemaTransformer
2021/06/17 13:39:31 [TRACE] AttachSchemaTransformer: attaching resource schema to aws_instance.test-terraform
2021/06/17 13:39:31 [TRACE] AttachSchemaTransformer: attaching provider config schema to provider["registry.terraform.io/hashicorp/aws"]
2021/06/17 13:39:31 [TRACE] Completed graph transform *terraform.AttachSchemaTransformer (no changes)
2021/06/17 13:39:31 [TRACE] Executing graph transform *terraform.ModuleExpansionTransformer
2021/06/17 13:39:31 [TRACE] Completed graph transform *terraform.ModuleExpansionTransformer (no changes)
2021/06/17 13:39:31 [TRACE] Executing graph transform *terraform.ReferenceTransformer
2021/06/17 13:39:31 [DEBUG] ReferenceTransformer: "var.instance_type" references: []
2021/06/17 13:39:31 [DEBUG] ReferenceTransformer: "var.instance_count" references: []
2021/06/17 13:39:31 [DEBUG] ReferenceTransformer: "var.ami" references: []
2021/06/17 13:39:31 [DEBUG] ReferenceTransformer: "var.sg" references: []
2021/06/17 13:39:31 [DEBUG] ReferenceTransformer: "var.subnet" references: []
2021/06/17 13:39:31 [DEBUG] ReferenceTransformer: "var.region" references: []
2021/06/17 13:39:31 [DEBUG] ReferenceTransformer: "var.key_name" references: []
2021/06/17 13:39:31 [DEBUG] ReferenceTransformer: "output.instance_ids" references: [aws_instance.test-terraform]
2021/06/17 13:39:31 [DEBUG] ReferenceTransformer: "provider[\"registry.terraform.io/hashicorp/aws\"]" references: [var.region]
2021/06/17 13:39:31 [DEBUG] ReferenceTransformer: "aws_instance.test-terraform" references: [var.instance_count var.key_name var.subnet var.instance_type var.sg var.ami]
2021/06/17 13:39:31 [TRACE] Completed graph transform *terraform.ReferenceTransformer with new graph:
  aws_instance.test-terraform - *terraform.NodeValidatableResource
    provider["registry.terraform.io/hashicorp/aws"] - *terraform.NodeApplyableProvider
    var.ami - *terraform.NodeRootVariable
    var.instance_count - *terraform.NodeRootVariable
    var.instance_type - *terraform.NodeRootVariable
    var.key_name - *terraform.NodeRootVariable
    var.sg - *terraform.NodeRootVariable
    var.subnet - *terraform.NodeRootVariable
  output.instance_ids - *terraform.NodeApplyableOutput
    aws_instance.test-terraform - *terraform.NodeValidatableResource
  provider["registry.terraform.io/hashicorp/aws"] - *terraform.NodeApplyableProvider
    var.region - *terraform.NodeRootVariable
  var.ami - *terraform.NodeRootVariable
  var.instance_count - *terraform.NodeRootVariable
  var.instance_type - *terraform.NodeRootVariable
  var.key_name - *terraform.NodeRootVariable
  var.region - *terraform.NodeRootVariable
  var.sg - *terraform.NodeRootVariable
  var.subnet - *terraform.NodeRootVariable
  ------
2021/06/17 13:39:31 [TRACE] Executing graph transform *terraform.AttachDependenciesTransformer
2021/06/17 13:39:31 [TRACE] Completed graph transform *terraform.AttachDependenciesTransformer (no changes)
2021/06/17 13:39:31 [TRACE] Executing graph transform *terraform.attachDataResourceDependenciesTransformer
2021/06/17 13:39:31 [TRACE] Completed graph transform *terraform.attachDataResourceDependenciesTransformer (no changes)
2021/06/17 13:39:31 [TRACE] Executing graph transform *terraform.TargetsTransformer
2021/06/17 13:39:31 [TRACE] Completed graph transform *terraform.TargetsTransformer (no changes)
2021/06/17 13:39:31 [TRACE] Executing graph transform *terraform.ForcedCBDTransformer
2021/06/17 13:39:31 [TRACE] Completed graph transform *terraform.ForcedCBDTransformer (no changes)
2021/06/17 13:39:31 [TRACE] Executing graph transform *terraform.CountBoundaryTransformer
2021/06/17 13:39:31 [TRACE] Completed graph transform *terraform.CountBoundaryTransformer with new graph:
  aws_instance.test-terraform - *terraform.NodeValidatableResource
    provider["registry.terraform.io/hashicorp/aws"] - *terraform.NodeApplyableProvider
    var.ami - *terraform.NodeRootVariable
    var.instance_count - *terraform.NodeRootVariable
    var.instance_type - *terraform.NodeRootVariable
    var.key_name - *terraform.NodeRootVariable
    var.sg - *terraform.NodeRootVariable
    var.subnet - *terraform.NodeRootVariable
  meta.count-boundary (EachMode fixup) - *terraform.NodeCountBoundary
    aws_instance.test-terraform - *terraform.NodeValidatableResource
    output.instance_ids - *terraform.NodeApplyableOutput
    provider["registry.terraform.io/hashicorp/aws"] - *terraform.NodeApplyableProvider
    var.ami - *terraform.NodeRootVariable
    var.instance_count - *terraform.NodeRootVariable
    var.instance_type - *terraform.NodeRootVariable
    var.key_name - *terraform.NodeRootVariable
    var.region - *terraform.NodeRootVariable
    var.sg - *terraform.NodeRootVariable
    var.subnet - *terraform.NodeRootVariable
  output.instance_ids - *terraform.NodeApplyableOutput
    aws_instance.test-terraform - *terraform.NodeValidatableResource
  provider["registry.terraform.io/hashicorp/aws"] - *terraform.NodeApplyableProvider
    var.region - *terraform.NodeRootVariable
  var.ami - *terraform.NodeRootVariable
  var.instance_count - *terraform.NodeRootVariable
  var.instance_type - *terraform.NodeRootVariable
  var.key_name - *terraform.NodeRootVariable
  var.region - *terraform.NodeRootVariable
  var.sg - *terraform.NodeRootVariable
  var.subnet - *terraform.NodeRootVariable
  ------
2021/06/17 13:39:31 [TRACE] Executing graph transform *terraform.CloseProviderTransformer
2021/06/17 13:39:31 [TRACE] Completed graph transform *terraform.CloseProviderTransformer with new graph:
  aws_instance.test-terraform - *terraform.NodeValidatableResource
    provider["registry.terraform.io/hashicorp/aws"] - *terraform.NodeApplyableProvider
    var.ami - *terraform.NodeRootVariable
    var.instance_count - *terraform.NodeRootVariable
    var.instance_type - *terraform.NodeRootVariable
    var.key_name - *terraform.NodeRootVariable
    var.sg - *terraform.NodeRootVariable
    var.subnet - *terraform.NodeRootVariable
  meta.count-boundary (EachMode fixup) - *terraform.NodeCountBoundary
    aws_instance.test-terraform - *terraform.NodeValidatableResource
    output.instance_ids - *terraform.NodeApplyableOutput
    provider["registry.terraform.io/hashicorp/aws"] - *terraform.NodeApplyableProvider
    var.ami - *terraform.NodeRootVariable
    var.instance_count - *terraform.NodeRootVariable
    var.instance_type - *terraform.NodeRootVariable
    var.key_name - *terraform.NodeRootVariable
    var.region - *terraform.NodeRootVariable
    var.sg - *terraform.NodeRootVariable
    var.subnet - *terraform.NodeRootVariable
  output.instance_ids - *terraform.NodeApplyableOutput
    aws_instance.test-terraform - *terraform.NodeValidatableResource
  provider["registry.terraform.io/hashicorp/aws"] - *terraform.NodeApplyableProvider
    var.region - *terraform.NodeRootVariable
  provider["registry.terraform.io/hashicorp/aws"] (close) - *terraform.graphNodeCloseProvider
    aws_instance.test-terraform - *terraform.NodeValidatableResource
    provider["registry.terraform.io/hashicorp/aws"] - *terraform.NodeApplyableProvider
  var.ami - *terraform.NodeRootVariable
  var.instance_count - *terraform.NodeRootVariable
  var.instance_type - *terraform.NodeRootVariable
  var.key_name - *terraform.NodeRootVariable
  var.region - *terraform.NodeRootVariable
  var.sg - *terraform.NodeRootVariable
  var.subnet - *terraform.NodeRootVariable
  ------
2021/06/17 13:39:31 [TRACE] Executing graph transform *terraform.CloseRootModuleTransformer
2021/06/17 13:39:31 [TRACE] Completed graph transform *terraform.CloseRootModuleTransformer with new graph:
  aws_instance.test-terraform - *terraform.NodeValidatableResource
    provider["registry.terraform.io/hashicorp/aws"] - *terraform.NodeApplyableProvider
    var.ami - *terraform.NodeRootVariable
    var.instance_count - *terraform.NodeRootVariable
    var.instance_type - *terraform.NodeRootVariable
    var.key_name - *terraform.NodeRootVariable
    var.sg - *terraform.NodeRootVariable
    var.subnet - *terraform.NodeRootVariable
  meta.count-boundary (EachMode fixup) - *terraform.NodeCountBoundary
    aws_instance.test-terraform - *terraform.NodeValidatableResource
    output.instance_ids - *terraform.NodeApplyableOutput
    provider["registry.terraform.io/hashicorp/aws"] - *terraform.NodeApplyableProvider
    var.ami - *terraform.NodeRootVariable
    var.instance_count - *terraform.NodeRootVariable
    var.instance_type - *terraform.NodeRootVariable
    var.key_name - *terraform.NodeRootVariable
    var.region - *terraform.NodeRootVariable
    var.sg - *terraform.NodeRootVariable
    var.subnet - *terraform.NodeRootVariable
  output.instance_ids - *terraform.NodeApplyableOutput
    aws_instance.test-terraform - *terraform.NodeValidatableResource
  provider["registry.terraform.io/hashicorp/aws"] - *terraform.NodeApplyableProvider
    var.region - *terraform.NodeRootVariable
  provider["registry.terraform.io/hashicorp/aws"] (close) - *terraform.graphNodeCloseProvider
    aws_instance.test-terraform - *terraform.NodeValidatableResource
    provider["registry.terraform.io/hashicorp/aws"] - *terraform.NodeApplyableProvider
  root - *terraform.nodeCloseModule
    meta.count-boundary (EachMode fixup) - *terraform.NodeCountBoundary
    provider["registry.terraform.io/hashicorp/aws"] (close) - *terraform.graphNodeCloseProvider
  var.ami - *terraform.NodeRootVariable
  var.instance_count - *terraform.NodeRootVariable
  var.instance_type - *terraform.NodeRootVariable
  var.key_name - *terraform.NodeRootVariable
  var.region - *terraform.NodeRootVariable
  var.sg - *terraform.NodeRootVariable
  var.subnet - *terraform.NodeRootVariable
  ------
2021/06/17 13:39:31 [TRACE] Executing graph transform *terraform.TransitiveReductionTransformer
2021/06/17 13:39:31 [TRACE] Completed graph transform *terraform.TransitiveReductionTransformer with new graph:
  aws_instance.test-terraform - *terraform.NodeValidatableResource
    provider["registry.terraform.io/hashicorp/aws"] - *terraform.NodeApplyableProvider
    var.ami - *terraform.NodeRootVariable
    var.instance_count - *terraform.NodeRootVariable
    var.instance_type - *terraform.NodeRootVariable
    var.key_name - *terraform.NodeRootVariable
    var.sg - *terraform.NodeRootVariable
    var.subnet - *terraform.NodeRootVariable
  meta.count-boundary (EachMode fixup) - *terraform.NodeCountBoundary
    output.instance_ids - *terraform.NodeApplyableOutput
  output.instance_ids - *terraform.NodeApplyableOutput
    aws_instance.test-terraform - *terraform.NodeValidatableResource
  provider["registry.terraform.io/hashicorp/aws"] - *terraform.NodeApplyableProvider
    var.region - *terraform.NodeRootVariable
  provider["registry.terraform.io/hashicorp/aws"] (close) - *terraform.graphNodeCloseProvider
    aws_instance.test-terraform - *terraform.NodeValidatableResource
  root - *terraform.nodeCloseModule
    meta.count-boundary (EachMode fixup) - *terraform.NodeCountBoundary
    provider["registry.terraform.io/hashicorp/aws"] (close) - *terraform.graphNodeCloseProvider
  var.ami - *terraform.NodeRootVariable
  var.instance_count - *terraform.NodeRootVariable
  var.instance_type - *terraform.NodeRootVariable
  var.key_name - *terraform.NodeRootVariable
  var.region - *terraform.NodeRootVariable
  var.sg - *terraform.NodeRootVariable
  var.subnet - *terraform.NodeRootVariable
  ------
2021/06/17 13:39:31 [DEBUG] Starting graph walk: walkValidate
2021/06/17 13:39:31 [TRACE] dag/walk: visiting "var.instance_count"
2021/06/17 13:39:31 [TRACE] vertex "var.instance_count": starting visit (*terraform.NodeRootVariable)
2021/06/17 13:39:31 [TRACE] dag/walk: visiting "var.key_name"
2021/06/17 13:39:31 [TRACE] dag/walk: visiting "var.ami"
2021/06/17 13:39:31 [TRACE] vertex "var.ami": starting visit (*terraform.NodeRootVariable)
2021/06/17 13:39:31 [TRACE] vertex "var.ami": visit complete
2021/06/17 13:39:31 [TRACE] vertex "var.instance_count": visit complete
2021/06/17 13:39:31 [TRACE] dag/walk: visiting "var.subnet"
2021/06/17 13:39:31 [TRACE] vertex "var.subnet": starting visit (*terraform.NodeRootVariable)
2021/06/17 13:39:31 [TRACE] dag/walk: visiting "var.instance_type"
2021/06/17 13:39:31 [TRACE] vertex "var.instance_type": starting visit (*terraform.NodeRootVariable)
2021/06/17 13:39:31 [TRACE] vertex "var.instance_type": visit complete
2021/06/17 13:39:31 [TRACE] dag/walk: visiting "var.region"
2021/06/17 13:39:31 [TRACE] dag/walk: visiting "var.sg"
2021/06/17 13:39:31 [TRACE] vertex "var.region": starting visit (*terraform.NodeRootVariable)
2021/06/17 13:39:31 [TRACE] vertex "var.region": visit complete
2021/06/17 13:39:31 [TRACE] dag/walk: visiting "provider[\"registry.terraform.io/hashicorp/aws\"]"
2021/06/17 13:39:31 [TRACE] vertex "var.sg": starting visit (*terraform.NodeRootVariable)
2021/06/17 13:39:31 [TRACE] vertex "var.sg": visit complete
2021/06/17 13:39:31 [TRACE] vertex "var.subnet": visit complete
2021/06/17 13:39:31 [TRACE] vertex "var.key_name": starting visit (*terraform.NodeRootVariable)
2021/06/17 13:39:31 [TRACE] vertex "var.key_name": visit complete
2021/06/17 13:39:31 [TRACE] vertex "provider[\"registry.terraform.io/hashicorp/aws\"]": starting visit (*terraform.NodeApplyableProvider)
2021-06-17T13:39:31.302-0500 [INFO]  plugin: configuring client automatic mTLS
2021-06-17T13:39:31.326-0500 [DEBUG] plugin: starting plugin: path=.terraform/providers/registry.terraform.io/hashicorp/aws/3.21.0/windows_amd64/terraform-provider-aws_v3.21.0_x5.exe args=[.terraform/providers/registry.terraform.io/hashicorp/aws/3.21.0/windows_amd64/terraform-provider-aws_v3.21.0_x5.exe]
2021-06-17T13:39:31.333-0500 [DEBUG] plugin: plugin started: path=.terraform/providers/registry.terraform.io/hashicorp/aws/3.21.0/windows_amd64/terraform-provider-aws_v3.21.0_x5.exe pid=18908
2021-06-17T13:39:31.333-0500 [DEBUG] plugin: waiting for RPC address: path=.terraform/providers/registry.terraform.io/hashicorp/aws/3.21.0/windows_amd64/terraform-provider-aws_v3.21.0_x5.exe
2021-06-17T13:39:31.387-0500 [INFO]  plugin.terraform-provider-aws_v3.21.0_x5.exe: configuring server automatic mTLS: timestamp=2021-06-17T13:39:31.386-0500
2021-06-17T13:39:31.414-0500 [DEBUG] plugin.terraform-provider-aws_v3.21.0_x5.exe: plugin address: network=tcp address=127.0.0.1:10000 timestamp=2021-06-17T13:39:31.414-0500
2021-06-17T13:39:31.414-0500 [DEBUG] plugin: using plugin: version=5
2021-06-17T13:39:31.465-0500 [TRACE] plugin.stdio: waiting for stdio data
2021/06/17 13:39:31 [TRACE] BuiltinEvalContext: Initialized "provider[\"registry.terraform.io/hashicorp/aws\"]" provider for provider["registry.terraform.io/hashicorp/aws"]
2021/06/17 13:39:31 [TRACE] buildProviderConfig for provider["registry.terraform.io/hashicorp/aws"]: using explicit config only
2021/06/17 13:39:31 [TRACE] GRPCProvider: GetSchema
2021/06/17 13:39:31 [TRACE] GRPCProvider: PrepareProviderConfig
2021/06/17 13:39:31 [TRACE] vertex "provider[\"registry.terraform.io/hashicorp/aws\"]": visit complete
2021/06/17 13:39:31 [TRACE] dag/walk: visiting "aws_instance.test-terraform"
2021/06/17 13:39:31 [TRACE] vertex "aws_instance.test-terraform": starting visit (*terraform.NodeValidatableResource)
2021/06/17 13:39:31 [TRACE] GRPCProvider: ValidateResourceTypeConfig
2021/06/17 13:39:31 [TRACE] vertex "aws_instance.test-terraform": visit complete
2021/06/17 13:39:31 [TRACE] dag/walk: visiting "output.instance_ids"
2021/06/17 13:39:31 [TRACE] vertex "output.instance_ids": starting visit (*terraform.NodeApplyableOutput)
2021/06/17 13:39:31 [TRACE] dag/walk: visiting "provider[\"registry.terraform.io/hashicorp/aws\"] (close)"
2021/06/17 13:39:31 [TRACE] vertex "provider[\"registry.terraform.io/hashicorp/aws\"] (close)": starting visit (*terraform.graphNodeCloseProvider)
2021/06/17 13:39:31 [TRACE] GRPCProvider: Close
2021/06/17 13:39:31 [TRACE] ExecuteWriteOutput: Saving Create change for output.instance_ids in changeset
2021/06/17 13:39:31 [TRACE] EvalWriteOutput: Removing output.instance_ids from state (it is now null)
2021/06/17 13:39:31 [TRACE] vertex "output.instance_ids": visit complete
2021/06/17 13:39:31 [TRACE] dag/walk: visiting "meta.count-boundary (EachMode fixup)"
2021/06/17 13:39:31 [TRACE] vertex "meta.count-boundary (EachMode fixup)": starting visit (*terraform.NodeCountBoundary)
2021/06/17 13:39:31 [TRACE] vertex "meta.count-boundary (EachMode fixup)": visit complete
2021-06-17T13:39:31.621-0500 [WARN]  plugin.stdio: received EOF, stopping recv loop: err="rpc error: code = Unavailable desc = transport is closing"
2021-06-17T13:39:31.644-0500 [DEBUG] plugin: plugin process exited: path=.terraform/providers/registry.terraform.io/hashicorp/aws/3.21.0/windows_amd64/terraform-provider-aws_v3.21.0_x5.exe pid=18908
2021-06-17T13:39:31.644-0500 [DEBUG] plugin: plugin exited
2021/06/17 13:39:31 [TRACE] vertex "provider[\"registry.terraform.io/hashicorp/aws\"] (close)": visit complete
2021/06/17 13:39:31 [TRACE] dag/walk: visiting "root"
2021/06/17 13:39:31 [TRACE] vertex "root": starting visit (*terraform.nodeCloseModule)
2021/06/17 13:39:31 [TRACE] vertex "root": visit complete
2021/06/17 13:39:31 [INFO] backend/local: plan calling Plan
2021/06/17 13:39:31 [INFO] terraform: building graph: GraphTypePlan
2021/06/17 13:39:31 [TRACE] Executing graph transform *terraform.ConfigTransformer
2021/06/17 13:39:31 [TRACE] ConfigTransformer: Starting for path: 
2021/06/17 13:39:31 [TRACE] Completed graph transform *terraform.ConfigTransformer with new graph:
  aws_instance.test-terraform (expand) - *terraform.nodeExpandPlannableResource
  ------
2021/06/17 13:39:31 [TRACE] Executing graph transform *terraform.RootVariableTransformer
2021/06/17 13:39:31 [TRACE] Completed graph transform *terraform.RootVariableTransformer with new graph:
  aws_instance.test-terraform (expand) - *terraform.nodeExpandPlannableResource
  var.ami - *terraform.NodeRootVariable
  var.instance_count - *terraform.NodeRootVariable
  var.instance_type - *terraform.NodeRootVariable
  var.key_name - *terraform.NodeRootVariable
  var.region - *terraform.NodeRootVariable
  var.sg - *terraform.NodeRootVariable
  var.subnet - *terraform.NodeRootVariable
  ------
2021/06/17 13:39:31 [TRACE] Executing graph transform *terraform.ModuleVariableTransformer
2021/06/17 13:39:31 [TRACE] Completed graph transform *terraform.ModuleVariableTransformer (no changes)
2021/06/17 13:39:31 [TRACE] Executing graph transform *terraform.LocalTransformer
2021/06/17 13:39:31 [TRACE] Completed graph transform *terraform.LocalTransformer (no changes)
2021/06/17 13:39:31 [TRACE] Executing graph transform *terraform.OutputTransformer
2021/06/17 13:39:31 [TRACE] OutputTransformer: adding instance_ids as *terraform.NodeApplyableOutput
2021/06/17 13:39:31 [TRACE] Completed graph transform *terraform.OutputTransformer with new graph:
  aws_instance.test-terraform (expand) - *terraform.nodeExpandPlannableResource
  output.instance_ids - *terraform.NodeApplyableOutput
  var.ami - *terraform.NodeRootVariable
  var.instance_count - *terraform.NodeRootVariable
  var.instance_type - *terraform.NodeRootVariable
  var.key_name - *terraform.NodeRootVariable
  var.region - *terraform.NodeRootVariable
  var.sg - *terraform.NodeRootVariable
  var.subnet - *terraform.NodeRootVariable
  ------
2021/06/17 13:39:31 [TRACE] Executing graph transform *terraform.OrphanResourceInstanceTransformer
2021/06/17 13:39:31 [TRACE] Completed graph transform *terraform.OrphanResourceInstanceTransformer (no changes)
2021/06/17 13:39:31 [TRACE] Executing graph transform *terraform.StateTransformer
2021/06/17 13:39:31 [TRACE] StateTransformer: creating nodes for deposed instance objects only
2021/06/17 13:39:31 [TRACE] Completed graph transform *terraform.StateTransformer (no changes)
2021/06/17 13:39:31 [TRACE] Executing graph transform *terraform.AttachStateTransformer
2021/06/17 13:39:31 [TRACE] Completed graph transform *terraform.AttachStateTransformer (no changes)
2021/06/17 13:39:31 [TRACE] Executing graph transform *terraform.OrphanOutputTransformer
2021/06/17 13:39:31 [TRACE] Completed graph transform *terraform.OrphanOutputTransformer (no changes)
2021/06/17 13:39:31 [TRACE] Executing graph transform *terraform.AttachResourceConfigTransformer
2021/06/17 13:39:31 [TRACE] AttachResourceConfigTransformer: attaching to "aws_instance.test-terraform (expand)" (*terraform.nodeExpandPlannableResource) config from main.tf:5,1-41
2021/06/17 13:39:31 [TRACE] AttachResourceConfigTransformer: attaching provider meta configs to aws_instance.test-terraform (expand)
2021/06/17 13:39:31 [TRACE] Completed graph transform *terraform.AttachResourceConfigTransformer (no changes)
2021/06/17 13:39:31 [TRACE] Executing graph transform *terraform.MissingProvisionerTransformer
2021/06/17 13:39:31 [TRACE] Completed graph transform *terraform.MissingProvisionerTransformer (no changes)
2021/06/17 13:39:31 [TRACE] Executing graph transform *terraform.ProvisionerTransformer
2021/06/17 13:39:31 [TRACE] Completed graph transform *terraform.ProvisionerTransformer (no changes)
2021/06/17 13:39:31 [TRACE] Executing graph transform *terraform.graphTransformerMulti
2021/06/17 13:39:31 [TRACE] (graphTransformerMulti) Executing graph transform *terraform.ProviderConfigTransformer
2021/06/17 13:39:31 [TRACE] ProviderConfigTransformer: attaching to "provider[\"registry.terraform.io/hashicorp/aws\"]" provider configuration from main.tf:1,1-15
2021/06/17 13:39:31 [TRACE] (graphTransformerMulti) Completed graph transform *terraform.ProviderConfigTransformer with new graph:
  aws_instance.test-terraform (expand) - *terraform.nodeExpandPlannableResource
  output.instance_ids - *terraform.NodeApplyableOutput
  provider["registry.terraform.io/hashicorp/aws"] - *terraform.NodeApplyableProvider
  var.ami - *terraform.NodeRootVariable
  var.instance_count - *terraform.NodeRootVariable
  var.instance_type - *terraform.NodeRootVariable
  var.key_name - *terraform.NodeRootVariable
  var.region - *terraform.NodeRootVariable
  var.sg - *terraform.NodeRootVariable
  var.subnet - *terraform.NodeRootVariable
  ------
2021/06/17 13:39:31 [TRACE] (graphTransformerMulti) Executing graph transform *terraform.MissingProviderTransformer
2021/06/17 13:39:31 [TRACE] (graphTransformerMulti) Completed graph transform *terraform.MissingProviderTransformer (no changes)
2021/06/17 13:39:31 [TRACE] (graphTransformerMulti) Executing graph transform *terraform.ProviderTransformer
2021/06/17 13:39:31 [TRACE] ProviderTransformer: exact match for provider["registry.terraform.io/hashicorp/aws"] serving aws_instance.test-terraform (expand)
2021/06/17 13:39:31 [DEBUG] ProviderTransformer: "aws_instance.test-terraform (expand)" (*terraform.nodeExpandPlannableResource) needs provider["registry.terraform.io/hashicorp/aws"]
2021/06/17 13:39:31 [TRACE] (graphTransformerMulti) Completed graph transform *terraform.ProviderTransformer with new graph:
  aws_instance.test-terraform (expand) - *terraform.nodeExpandPlannableResource
    provider["registry.terraform.io/hashicorp/aws"] - *terraform.NodeApplyableProvider
  output.instance_ids - *terraform.NodeApplyableOutput
  provider["registry.terraform.io/hashicorp/aws"] - *terraform.NodeApplyableProvider
  var.ami - *terraform.NodeRootVariable
  var.instance_count - *terraform.NodeRootVariable
  var.instance_type - *terraform.NodeRootVariable
  var.key_name - *terraform.NodeRootVariable
  var.region - *terraform.NodeRootVariable
  var.sg - *terraform.NodeRootVariable
  var.subnet - *terraform.NodeRootVariable
  ------
2021/06/17 13:39:31 [TRACE] (graphTransformerMulti) Executing graph transform *terraform.PruneProviderTransformer
2021/06/17 13:39:31 [TRACE] (graphTransformerMulti) Completed graph transform *terraform.PruneProviderTransformer (no changes)
2021/06/17 13:39:31 [TRACE] (graphTransformerMulti) Executing graph transform *terraform.ParentProviderTransformer
2021/06/17 13:39:31 [TRACE] (graphTransformerMulti) Completed graph transform *terraform.ParentProviderTransformer (no changes)
2021/06/17 13:39:31 [TRACE] Completed graph transform *terraform.graphTransformerMulti with new graph:
  aws_instance.test-terraform (expand) - *terraform.nodeExpandPlannableResource
    provider["registry.terraform.io/hashicorp/aws"] - *terraform.NodeApplyableProvider
  output.instance_ids - *terraform.NodeApplyableOutput
  provider["registry.terraform.io/hashicorp/aws"] - *terraform.NodeApplyableProvider
  var.ami - *terraform.NodeRootVariable
  var.instance_count - *terraform.NodeRootVariable
  var.instance_type - *terraform.NodeRootVariable
  var.key_name - *terraform.NodeRootVariable
  var.region - *terraform.NodeRootVariable
  var.sg - *terraform.NodeRootVariable
  var.subnet - *terraform.NodeRootVariable
  ------
2021/06/17 13:39:31 [TRACE] Executing graph transform *terraform.RemovedModuleTransformer
2021/06/17 13:39:31 [TRACE] Completed graph transform *terraform.RemovedModuleTransformer (no changes)
2021/06/17 13:39:31 [TRACE] Executing graph transform *terraform.AttachSchemaTransformer
2021/06/17 13:39:31 [TRACE] AttachSchemaTransformer: attaching provider config schema to provider["registry.terraform.io/hashicorp/aws"]
2021/06/17 13:39:31 [TRACE] AttachSchemaTransformer: attaching resource schema to aws_instance.test-terraform (expand)
2021/06/17 13:39:31 [TRACE] Completed graph transform *terraform.AttachSchemaTransformer (no changes)
2021/06/17 13:39:31 [TRACE] Executing graph transform *terraform.ModuleExpansionTransformer
2021/06/17 13:39:31 [TRACE] Completed graph transform *terraform.ModuleExpansionTransformer (no changes)
2021/06/17 13:39:31 [TRACE] Executing graph transform *terraform.ReferenceTransformer
2021/06/17 13:39:31 [DEBUG] ReferenceTransformer: "var.instance_type" references: []
2021/06/17 13:39:31 [DEBUG] ReferenceTransformer: "var.key_name" references: []
2021/06/17 13:39:31 [DEBUG] ReferenceTransformer: "var.sg" references: []
2021/06/17 13:39:31 [DEBUG] ReferenceTransformer: "var.subnet" references: []
2021/06/17 13:39:31 [DEBUG] ReferenceTransformer: "output.instance_ids" references: [aws_instance.test-terraform (expand)]
2021/06/17 13:39:31 [DEBUG] ReferenceTransformer: "provider[\"registry.terraform.io/hashicorp/aws\"]" references: [var.region]
2021/06/17 13:39:31 [DEBUG] ReferenceTransformer: "aws_instance.test-terraform (expand)" references: [var.instance_count var.subnet var.instance_type var.sg var.ami var.key_name]
2021/06/17 13:39:31 [DEBUG] ReferenceTransformer: "var.region" references: []
2021/06/17 13:39:31 [DEBUG] ReferenceTransformer: "var.instance_count" references: []
2021/06/17 13:39:31 [DEBUG] ReferenceTransformer: "var.ami" references: []
2021/06/17 13:39:31 [TRACE] Completed graph transform *terraform.ReferenceTransformer with new graph:
  aws_instance.test-terraform (expand) - *terraform.nodeExpandPlannableResource
    provider["registry.terraform.io/hashicorp/aws"] - *terraform.NodeApplyableProvider
    var.ami - *terraform.NodeRootVariable
    var.instance_count - *terraform.NodeRootVariable
    var.instance_type - *terraform.NodeRootVariable
    var.key_name - *terraform.NodeRootVariable
    var.sg - *terraform.NodeRootVariable
    var.subnet - *terraform.NodeRootVariable
  output.instance_ids - *terraform.NodeApplyableOutput
    aws_instance.test-terraform (expand) - *terraform.nodeExpandPlannableResource
  provider["registry.terraform.io/hashicorp/aws"] - *terraform.NodeApplyableProvider
    var.region - *terraform.NodeRootVariable
  var.ami - *terraform.NodeRootVariable
  var.instance_count - *terraform.NodeRootVariable
  var.instance_type - *terraform.NodeRootVariable
  var.key_name - *terraform.NodeRootVariable
  var.region - *terraform.NodeRootVariable
  var.sg - *terraform.NodeRootVariable
  var.subnet - *terraform.NodeRootVariable
  ------
2021/06/17 13:39:31 [TRACE] Executing graph transform *terraform.AttachDependenciesTransformer
2021/06/17 13:39:31 [TRACE] AttachDependenciesTransformer: aws_instance.test-terraform depends on []
2021/06/17 13:39:31 [TRACE] Completed graph transform *terraform.AttachDependenciesTransformer (no changes)
2021/06/17 13:39:31 [TRACE] Executing graph transform *terraform.attachDataResourceDependenciesTransformer
2021/06/17 13:39:31 [TRACE] Completed graph transform *terraform.attachDataResourceDependenciesTransformer (no changes)
2021/06/17 13:39:31 [TRACE] Executing graph transform *terraform.TargetsTransformer
2021/06/17 13:39:31 [TRACE] Completed graph transform *terraform.TargetsTransformer (no changes)
2021/06/17 13:39:31 [TRACE] Executing graph transform *terraform.ForcedCBDTransformer
2021/06/17 13:39:31 [TRACE] ForcedCBDTransformer: "aws_instance.test-terraform (expand)" (*terraform.nodeExpandPlannableResource) has no CBD descendent, so skipping
2021/06/17 13:39:31 [TRACE] Completed graph transform *terraform.ForcedCBDTransformer (no changes)
2021/06/17 13:39:31 [TRACE] Executing graph transform *terraform.CountBoundaryTransformer
2021/06/17 13:39:31 [TRACE] Completed graph transform *terraform.CountBoundaryTransformer with new graph:
  aws_instance.test-terraform (expand) - *terraform.nodeExpandPlannableResource
    provider["registry.terraform.io/hashicorp/aws"] - *terraform.NodeApplyableProvider
    var.ami - *terraform.NodeRootVariable
    var.instance_count - *terraform.NodeRootVariable
    var.instance_type - *terraform.NodeRootVariable
    var.key_name - *terraform.NodeRootVariable
    var.sg - *terraform.NodeRootVariable
    var.subnet - *terraform.NodeRootVariable
  meta.count-boundary (EachMode fixup) - *terraform.NodeCountBoundary
    aws_instance.test-terraform (expand) - *terraform.nodeExpandPlannableResource
    output.instance_ids - *terraform.NodeApplyableOutput
    provider["registry.terraform.io/hashicorp/aws"] - *terraform.NodeApplyableProvider
    var.ami - *terraform.NodeRootVariable
    var.instance_count - *terraform.NodeRootVariable
    var.instance_type - *terraform.NodeRootVariable
    var.key_name - *terraform.NodeRootVariable
    var.region - *terraform.NodeRootVariable
    var.sg - *terraform.NodeRootVariable
    var.subnet - *terraform.NodeRootVariable
  output.instance_ids - *terraform.NodeApplyableOutput
    aws_instance.test-terraform (expand) - *terraform.nodeExpandPlannableResource
  provider["registry.terraform.io/hashicorp/aws"] - *terraform.NodeApplyableProvider
    var.region - *terraform.NodeRootVariable
  var.ami - *terraform.NodeRootVariable
  var.instance_count - *terraform.NodeRootVariable
  var.instance_type - *terraform.NodeRootVariable
  var.key_name - *terraform.NodeRootVariable
  var.region - *terraform.NodeRootVariable
  var.sg - *terraform.NodeRootVariable
  var.subnet - *terraform.NodeRootVariable
  ------
2021/06/17 13:39:31 [TRACE] Executing graph transform *terraform.CloseProviderTransformer
2021/06/17 13:39:31 [TRACE] Completed graph transform *terraform.CloseProviderTransformer with new graph:
  aws_instance.test-terraform (expand) - *terraform.nodeExpandPlannableResource
    provider["registry.terraform.io/hashicorp/aws"] - *terraform.NodeApplyableProvider
    var.ami - *terraform.NodeRootVariable
    var.instance_count - *terraform.NodeRootVariable
    var.instance_type - *terraform.NodeRootVariable
    var.key_name - *terraform.NodeRootVariable
    var.sg - *terraform.NodeRootVariable
    var.subnet - *terraform.NodeRootVariable
  meta.count-boundary (EachMode fixup) - *terraform.NodeCountBoundary
    aws_instance.test-terraform (expand) - *terraform.nodeExpandPlannableResource
    output.instance_ids - *terraform.NodeApplyableOutput
    provider["registry.terraform.io/hashicorp/aws"] - *terraform.NodeApplyableProvider
    var.ami - *terraform.NodeRootVariable
    var.instance_count - *terraform.NodeRootVariable
    var.instance_type - *terraform.NodeRootVariable
    var.key_name - *terraform.NodeRootVariable
    var.region - *terraform.NodeRootVariable
    var.sg - *terraform.NodeRootVariable
    var.subnet - *terraform.NodeRootVariable
  output.instance_ids - *terraform.NodeApplyableOutput
    aws_instance.test-terraform (expand) - *terraform.nodeExpandPlannableResource
  provider["registry.terraform.io/hashicorp/aws"] - *terraform.NodeApplyableProvider
    var.region - *terraform.NodeRootVariable
  provider["registry.terraform.io/hashicorp/aws"] (close) - *terraform.graphNodeCloseProvider
    aws_instance.test-terraform (expand) - *terraform.nodeExpandPlannableResource
    provider["registry.terraform.io/hashicorp/aws"] - *terraform.NodeApplyableProvider
  var.ami - *terraform.NodeRootVariable
  var.instance_count - *terraform.NodeRootVariable
  var.instance_type - *terraform.NodeRootVariable
  var.key_name - *terraform.NodeRootVariable
  var.region - *terraform.NodeRootVariable
  var.sg - *terraform.NodeRootVariable
  var.subnet - *terraform.NodeRootVariable
  ------
2021/06/17 13:39:31 [TRACE] Executing graph transform *terraform.CloseRootModuleTransformer
2021/06/17 13:39:31 [TRACE] Completed graph transform *terraform.CloseRootModuleTransformer with new graph:
  aws_instance.test-terraform (expand) - *terraform.nodeExpandPlannableResource
    provider["registry.terraform.io/hashicorp/aws"] - *terraform.NodeApplyableProvider
    var.ami - *terraform.NodeRootVariable
    var.instance_count - *terraform.NodeRootVariable
    var.instance_type - *terraform.NodeRootVariable
    var.key_name - *terraform.NodeRootVariable
    var.sg - *terraform.NodeRootVariable
    var.subnet - *terraform.NodeRootVariable
  meta.count-boundary (EachMode fixup) - *terraform.NodeCountBoundary
    aws_instance.test-terraform (expand) - *terraform.nodeExpandPlannableResource
    output.instance_ids - *terraform.NodeApplyableOutput
    provider["registry.terraform.io/hashicorp/aws"] - *terraform.NodeApplyableProvider
    var.ami - *terraform.NodeRootVariable
    var.instance_count - *terraform.NodeRootVariable
    var.instance_type - *terraform.NodeRootVariable
    var.key_name - *terraform.NodeRootVariable
    var.region - *terraform.NodeRootVariable
    var.sg - *terraform.NodeRootVariable
    var.subnet - *terraform.NodeRootVariable
  output.instance_ids - *terraform.NodeApplyableOutput
    aws_instance.test-terraform (expand) - *terraform.nodeExpandPlannableResource
  provider["registry.terraform.io/hashicorp/aws"] - *terraform.NodeApplyableProvider
    var.region - *terraform.NodeRootVariable
  provider["registry.terraform.io/hashicorp/aws"] (close) - *terraform.graphNodeCloseProvider
    aws_instance.test-terraform (expand) - *terraform.nodeExpandPlannableResource
    provider["registry.terraform.io/hashicorp/aws"] - *terraform.NodeApplyableProvider
  root - *terraform.nodeCloseModule
    meta.count-boundary (EachMode fixup) - *terraform.NodeCountBoundary
    provider["registry.terraform.io/hashicorp/aws"] (close) - *terraform.graphNodeCloseProvider
  var.ami - *terraform.NodeRootVariable
  var.instance_count - *terraform.NodeRootVariable
  var.instance_type - *terraform.NodeRootVariable
  var.key_name - *terraform.NodeRootVariable
  var.region - *terraform.NodeRootVariable
  var.sg - *terraform.NodeRootVariable
  var.subnet - *terraform.NodeRootVariable
  ------
2021/06/17 13:39:31 [TRACE] Executing graph transform *terraform.TransitiveReductionTransformer
2021/06/17 13:39:31 [TRACE] Completed graph transform *terraform.TransitiveReductionTransformer with new graph:
  aws_instance.test-terraform (expand) - *terraform.nodeExpandPlannableResource
    provider["registry.terraform.io/hashicorp/aws"] - *terraform.NodeApplyableProvider
    var.ami - *terraform.NodeRootVariable
    var.instance_count - *terraform.NodeRootVariable
    var.instance_type - *terraform.NodeRootVariable
    var.key_name - *terraform.NodeRootVariable
    var.sg - *terraform.NodeRootVariable
    var.subnet - *terraform.NodeRootVariable
  meta.count-boundary (EachMode fixup) - *terraform.NodeCountBoundary
    output.instance_ids - *terraform.NodeApplyableOutput
  output.instance_ids - *terraform.NodeApplyableOutput
    aws_instance.test-terraform (expand) - *terraform.nodeExpandPlannableResource
  provider["registry.terraform.io/hashicorp/aws"] - *terraform.NodeApplyableProvider
    var.region - *terraform.NodeRootVariable
  provider["registry.terraform.io/hashicorp/aws"] (close) - *terraform.graphNodeCloseProvider
    aws_instance.test-terraform (expand) - *terraform.nodeExpandPlannableResource
  root - *terraform.nodeCloseModule
    meta.count-boundary (EachMode fixup) - *terraform.NodeCountBoundary
    provider["registry.terraform.io/hashicorp/aws"] (close) - *terraform.graphNodeCloseProvider
  var.ami - *terraform.NodeRootVariable
  var.instance_count - *terraform.NodeRootVariable
  var.instance_type - *terraform.NodeRootVariable
  var.key_name - *terraform.NodeRootVariable
  var.region - *terraform.NodeRootVariable
  var.sg - *terraform.NodeRootVariable
  var.subnet - *terraform.NodeRootVariable
  ------
2021/06/17 13:39:31 [DEBUG] Starting graph walk: walkPlan
2021/06/17 13:39:31 [TRACE] dag/walk: visiting "var.sg"
2021/06/17 13:39:31 [TRACE] dag/walk: visiting "var.subnet"
2021/06/17 13:39:31 [TRACE] vertex "var.subnet": starting visit (*terraform.NodeRootVariable)
2021/06/17 13:39:31 [TRACE] vertex "var.subnet": visit complete
2021/06/17 13:39:31 [TRACE] dag/walk: visiting "var.instance_type"
2021/06/17 13:39:31 [TRACE] vertex "var.instance_type": starting visit (*terraform.NodeRootVariable)
2021/06/17 13:39:31 [TRACE] vertex "var.instance_type": visit complete
2021/06/17 13:39:31 [TRACE] dag/walk: visiting "var.key_name"
2021/06/17 13:39:31 [TRACE] vertex "var.key_name": starting visit (*terraform.NodeRootVariable)
2021/06/17 13:39:31 [TRACE] dag/walk: visiting "var.region"
2021/06/17 13:39:31 [TRACE] vertex "var.region": starting visit (*terraform.NodeRootVariable)
2021/06/17 13:39:31 [TRACE] dag/walk: visiting "var.ami"
2021/06/17 13:39:31 [TRACE] vertex "var.ami": starting visit (*terraform.NodeRootVariable)
2021/06/17 13:39:31 [TRACE] vertex "var.sg": starting visit (*terraform.NodeRootVariable)
2021/06/17 13:39:31 [TRACE] vertex "var.sg": visit complete
2021/06/17 13:39:31 [TRACE] dag/walk: visiting "var.instance_count"
2021/06/17 13:39:31 [TRACE] vertex "var.instance_count": starting visit (*terraform.NodeRootVariable)
2021/06/17 13:39:31 [TRACE] vertex "var.key_name": visit complete
2021/06/17 13:39:31 [TRACE] vertex "var.region": visit complete
2021/06/17 13:39:31 [TRACE] dag/walk: visiting "provider[\"registry.terraform.io/hashicorp/aws\"]"
2021/06/17 13:39:31 [TRACE] vertex "var.ami": visit complete
2021/06/17 13:39:31 [TRACE] vertex "provider[\"registry.terraform.io/hashicorp/aws\"]": starting visit (*terraform.NodeApplyableProvider)
2021/06/17 13:39:31 [TRACE] vertex "var.instance_count": visit complete
2021-06-17T13:39:31.647-0500 [INFO]  plugin: configuring client automatic mTLS
2021-06-17T13:39:31.672-0500 [DEBUG] plugin: starting plugin: path=.terraform/providers/registry.terraform.io/hashicorp/aws/3.21.0/windows_amd64/terraform-provider-aws_v3.21.0_x5.exe args=[.terraform/providers/registry.terraform.io/hashicorp/aws/3.21.0/windows_amd64/terraform-provider-aws_v3.21.0_x5.exe]
2021-06-17T13:39:31.679-0500 [DEBUG] plugin: plugin started: path=.terraform/providers/registry.terraform.io/hashicorp/aws/3.21.0/windows_amd64/terraform-provider-aws_v3.21.0_x5.exe pid=18872
2021-06-17T13:39:31.679-0500 [DEBUG] plugin: waiting for RPC address: path=.terraform/providers/registry.terraform.io/hashicorp/aws/3.21.0/windows_amd64/terraform-provider-aws_v3.21.0_x5.exe
2021-06-17T13:39:31.735-0500 [INFO]  plugin.terraform-provider-aws_v3.21.0_x5.exe: configuring server automatic mTLS: timestamp=2021-06-17T13:39:31.734-0500
2021-06-17T13:39:31.762-0500 [DEBUG] plugin: using plugin: version=5
2021-06-17T13:39:31.762-0500 [DEBUG] plugin.terraform-provider-aws_v3.21.0_x5.exe: plugin address: network=tcp address=127.0.0.1:10000 timestamp=2021-06-17T13:39:31.762-0500
2021-06-17T13:39:31.814-0500 [TRACE] plugin.stdio: waiting for stdio data
2021/06/17 13:39:31 [TRACE] BuiltinEvalContext: Initialized "provider[\"registry.terraform.io/hashicorp/aws\"]" provider for provider["registry.terraform.io/hashicorp/aws"]
2021/06/17 13:39:31 [TRACE] buildProviderConfig for provider["registry.terraform.io/hashicorp/aws"]: using explicit config only
2021/06/17 13:39:31 [TRACE] GRPCProvider: GetSchema
2021/06/17 13:39:31 [TRACE] GRPCProvider: Configure
2021-06-17T13:39:31.887-0500 [DEBUG] plugin.terraform-provider-aws_v3.21.0_x5.exe: 2021/06/17 13:39:31 [INFO] AWS Auth provider used: "SharedCredentialsProvider"
2021-06-17T13:39:31.888-0500 [DEBUG] plugin.terraform-provider-aws_v3.21.0_x5.exe: 2021/06/17 13:39:31 [DEBUG] Trying to get account information via sts:GetCallerIdentity
2021/06/17 13:39:36 [TRACE] dag/walk: vertex "root" is waiting for "provider[\"registry.terraform.io/hashicorp/aws\"] (close)"
2021/06/17 13:39:36 [TRACE] dag/walk: vertex "aws_instance.test-terraform (expand)" is waiting for "provider[\"registry.terraform.io/hashicorp/aws\"]"
2021/06/17 13:39:36 [TRACE] dag/walk: vertex "provider[\"registry.terraform.io/hashicorp/aws\"] (close)" is waiting for "aws_instance.test-terraform (expand)"
2021/06/17 13:39:36 [TRACE] dag/walk: vertex "output.instance_ids" is waiting for "aws_instance.test-terraform (expand)"
2021/06/17 13:39:36 [TRACE] dag/walk: vertex "meta.count-boundary (EachMode fixup)" is waiting for "output.instance_ids"
2021/06/17 13:39:41 [TRACE] dag/walk: vertex "root" is waiting for "provider[\"registry.terraform.io/hashicorp/aws\"] (close)"
2021/06/17 13:39:41 [TRACE] dag/walk: vertex "meta.count-boundary (EachMode fixup)" is waiting for "output.instance_ids"
2021/06/17 13:39:41 [TRACE] dag/walk: vertex "aws_instance.test-terraform (expand)" is waiting for "provider[\"registry.terraform.io/hashicorp/aws\"]"
2021/06/17 13:39:41 [TRACE] dag/walk: vertex "provider[\"registry.terraform.io/hashicorp/aws\"] (close)" is waiting for "aws_instance.test-terraform (expand)"
2021/06/17 13:39:41 [TRACE] dag/walk: vertex "output.instance_ids" is waiting for "aws_instance.test-terraform (expand)"
2021/06/17 13:39:45 [TRACE] backend/local: waiting for the running operation to stop
2021/06/17 13:39:45 [WARN] terraform: Stop called, initiating interrupt sequence
2021/06/17 13:39:45 [WARN] terraform: run context exists, stopping
2021/06/17 13:39:45 [INFO] terraform: waiting for graceful stop to complete
2021-06-17T13:39:45.581-0500 [TRACE] plugin.terraform-provider-aws_v3.21.0_x5.exe: plugin received interrupt signal, ignoring: count=1 timestamp=2021-06-17T13:39:45.580-0500
2021/06/17 13:39:45 [TRACE] Context: requesting providers and provisioners to gracefully stop
2021/06/17 13:39:45 [TRACE] GRPCProvider: Stop
2021-06-17T13:39:45.584-0500 [DEBUG] plugin.terraform-provider-aws_v3.21.0_x5.exe: panic: close of nil channel
2021-06-17T13:39:45.584-0500 [DEBUG] plugin.terraform-provider-aws_v3.21.0_x5.exe: 
2021-06-17T13:39:45.584-0500 [DEBUG] plugin.terraform-provider-aws_v3.21.0_x5.exe: goroutine 132 [running]:
2021-06-17T13:39:45.584-0500 [DEBUG] plugin.terraform-provider-aws_v3.21.0_x5.exe: github.com/hashicorp/terraform-plugin-go/tfprotov5/server.(*server).stop(0xc00188a3c0)
2021-06-17T13:39:45.584-0500 [DEBUG] plugin.terraform-provider-aws_v3.21.0_x5.exe: 	/opt/teamcity-agent/work/5d79fe75d4460a2f/pkg/mod/github.com/hashicorp/terraform-plugin-go@v0.1.0/tfprotov5/server/server.go:201 +0x78
2021-06-17T13:39:45.584-0500 [DEBUG] plugin.terraform-provider-aws_v3.21.0_x5.exe: github.com/hashicorp/terraform-plugin-go/tfprotov5/server.(*server).Stop(0xc00188a3c0, 0x70a32c0, 0xc001718990, 0xc0017189c0, 0xc00188a3c0, 0xc001718990, 0xc00154dba0)
2021-06-17T13:39:45.584-0500 [DEBUG] plugin.terraform-provider-aws_v3.21.0_x5.exe: 	/opt/teamcity-agent/work/5d79fe75d4460a2f/pkg/mod/github.com/hashicorp/terraform-plugin-go@v0.1.0/tfprotov5/server/server.go:215 +0xa8
2021-06-17T13:39:45.584-0500 [DEBUG] plugin.terraform-provider-aws_v3.21.0_x5.exe: github.com/hashicorp/terraform-plugin-go/tfprotov5/internal/tfplugin5._Provider_Stop_Handler(0x62bd060, 0xc00188a3c0, 0x70a32c0, 0xc001718990, 0xc00169b2c0, 0x0, 0x70a32c0, 0xc001718990, 0x0, 0x0)
2021-06-17T13:39:45.584-0500 [DEBUG] plugin.terraform-provider-aws_v3.21.0_x5.exe: 	/opt/teamcity-agent/work/5d79fe75d4460a2f/pkg/mod/github.com/hashicorp/terraform-plugin-go@v0.1.0/tfprotov5/internal/tfplugin5/tfplugin5_grpc.pb.go:434 +0x21e
2021-06-17T13:39:45.584-0500 [DEBUG] plugin.terraform-provider-aws_v3.21.0_x5.exe: google.golang.org/grpc.(*Server).processUnaryRPC(0xc0000f7a40, 0x70c8ac0, 0xc001902180, 0xc0013a8700, 0xc000bac2a0, 0xa91bf48, 0x0, 0x0, 0x0)
2021-06-17T13:39:45.584-0500 [DEBUG] plugin.terraform-provider-aws_v3.21.0_x5.exe: 	/opt/teamcity-agent/work/5d79fe75d4460a2f/pkg/mod/google.golang.org/grpc@v1.32.0/server.go:1194 +0x511
2021-06-17T13:39:45.584-0500 [DEBUG] plugin.terraform-provider-aws_v3.21.0_x5.exe: google.golang.org/grpc.(*Server).handleStream(0xc0000f7a40, 0x70c8ac0, 0xc001902180, 0xc0013a8700, 0x0)
2021-06-17T13:39:45.584-0500 [DEBUG] plugin.terraform-provider-aws_v3.21.0_x5.exe: 	/opt/teamcity-agent/work/5d79fe75d4460a2f/pkg/mod/google.golang.org/grpc@v1.32.0/server.go:1517 +0xd04
2021-06-17T13:39:45.585-0500 [DEBUG] plugin.terraform-provider-aws_v3.21.0_x5.exe: google.golang.org/grpc.(*Server).serveStreams.func1.2(0xc000a1e8d0, 0xc0000f7a40, 0x70c8ac0, 0xc001902180, 0xc0013a8700)
2021-06-17T13:39:45.585-0500 [DEBUG] plugin.terraform-provider-aws_v3.21.0_x5.exe: 	/opt/teamcity-agent/work/5d79fe75d4460a2f/pkg/mod/google.golang.org/grpc@v1.32.0/server.go:859 +0xa8
2021-06-17T13:39:45.585-0500 [DEBUG] plugin.terraform-provider-aws_v3.21.0_x5.exe: created by google.golang.org/grpc.(*Server).serveStreams.func1
2021-06-17T13:39:45.585-0500 [DEBUG] plugin.terraform-provider-aws_v3.21.0_x5.exe: 	/opt/teamcity-agent/work/5d79fe75d4460a2f/pkg/mod/google.golang.org/grpc@v1.32.0/server.go:857 +0x20b
2021-06-17T13:39:45.598-0500 [WARN]  plugin.stdio: received EOF, stopping recv loop: err="rpc error: code = Unavailable desc = transport is closing"
2021/06/17 13:39:45 [TRACE] vertex "provider[\"registry.terraform.io/hashicorp/aws\"]": visit complete
2021/06/17 13:39:45 [TRACE] dag/walk: upstream of "aws_instance.test-terraform (expand)" errored, so skipping
2021/06/17 13:39:45 [TRACE] dag/walk: upstream of "provider[\"registry.terraform.io/hashicorp/aws\"] (close)" errored, so skipping
2021/06/17 13:39:45 [TRACE] dag/walk: upstream of "output.instance_ids" errored, so skipping
2021/06/17 13:39:45 [TRACE] dag/walk: upstream of "meta.count-boundary (EachMode fixup)" errored, so skipping
2021/06/17 13:39:45 [TRACE] dag/walk: upstream of "root" errored, so skipping
2021/06/17 13:39:45 [TRACE] backend/local: graceful stop has completed
2021/06/17 13:39:45 [INFO] backend/local: plan operation completed
2021/06/17 13:39:45 [WARN] terraform: stop complete
2021/06/17 13:39:45 [TRACE] statemgr.Filesystem: removing lock metadata file .terraform.tfstate.lock.info
2021/06/17 13:39:45 [TRACE] statemgr.Filesystem: unlocked by closing terraform.tfstate
2021-06-17T13:39:45.608-0500 [DEBUG] plugin: plugin process exited: path=.terraform/providers/registry.terraform.io/hashicorp/aws/3.21.0/windows_amd64/terraform-provider-aws_v3.21.0_x5.exe pid=18872 error="exit status 2"
2021-06-17T13:39:45.609-0500 [DEBUG] plugin: plugin exited
